 WARNING  --no-cache is deprecated and will be removed in a future major version. Use --cache=local:r,remote:r
• turbo 2.7.5
• Packages in scope: web
• Running build in 1 packages
• Remote caching disabled
web:build: cache miss, executing bd502eb116a911ed
web:build: 
web:build: > web@0.1.0 build C:\Users\adder\OneDrive\Documentos\renace\AngelD\b2b-platform\apps\web
web:build: > next build
web:build: 
web:build:   ▲ Next.js 14.2.3
web:build: 
web:build:    Creating an optimized production build ...
web:build:  ✓ Compiled successfully
web:build:    Skipping validation of types
web:build:    Skipping linting
web:build:    Collecting page data ...
web:build:    Generating static pages (0/26) ...
web:build:    Generating static pages (6/26) 
web:build:    Generating static pages (12/26) 
web:build:    Generating static pages (19/26) 
web:build:  ✓ Generating static pages (26/26)
web:build:    Finalizing page optimization ...
web:build:    Collecting build traces ...
web:build: 
web:build: Route (app)                              Size     First Load JS
web:build: ┌ ○ /                                    4.95 kB        98.8 kB
web:build: ├ ○ /_not-found                          873 B          87.9 kB
web:build: ├ ○ /admin                               3.38 kB        90.4 kB
web:build: ├ ○ /admin/configuracion                 2.85 kB        89.9 kB
web:build: ├ ○ /admin/empresas                      3.26 kB        90.3 kB
web:build: ├ ○ /admin/relaciones                    4.05 kB        91.1 kB
web:build: ├ ○ /admin/sectores                      4.05 kB        91.1 kB
web:build: ├ ○ /admin/usuarios                      4.36 kB        91.4 kB
web:build: ├ ○ /analytics                           4.67 kB        98.5 kB
web:build: ├ ○ /configuracion                       5.21 kB          99 kB
web:build: ├ ○ /contacto                            2.24 kB         101 kB
web:build: ├ ○ /cotizaciones                        4.76 kB        98.6 kB
web:build: ├ ○ /directorio                          4.29 kB        98.1 kB
web:build: ├ ○ /login                               3.95 kB        97.8 kB
web:build: ├ ○ /mensajes                            4.32 kB        98.1 kB
web:build: ├ ○ /mi-catalogo                         4.96 kB          92 kB
web:build: ├ ○ /notificaciones                      3.89 kB        97.7 kB
web:build: ├ ○ /onboarding                          4.88 kB        98.7 kB
web:build: ├ ○ /planes                              2.77 kB         102 kB
web:build: ├ ○ /privacy                             178 B            94 kB
web:build: ├ ○ /recuperar                           3.87 kB        97.7 kB
web:build: ├ ○ /registro                            5.05 kB        98.9 kB
web:build: └ ○ /terms                               178 B            94 kB
web:build: + First Load JS shared by all            87 kB
web:build:   ├ chunks/65d48fa5-ff1250db27c7e960.js  53.6 kB
web:build:   ├ chunks/801-bd9eae09ce80eb41.js       31.4 kB
web:build:   └ other shared chunks (total)          1.95 kB
web:build: 
web:build: 
web:build: ○  (Static)  prerendered as static content
web:build: 

 Tasks:    1 successful, 1 total
Cached:    0 cached, 1 total
  Time:    32.686s 

