 WARNING  --no-cache is deprecated and will be removed in a future major version. Use --cache=local:r,remote:r
• turbo 2.7.5
• Packages in scope: api
• Running build in 1 packages
• Remote caching disabled
api:build: cache miss, executing 25ca153cd706fda9
api:build: 
api:build: > api@0.0.1 build C:\Users\adder\OneDrive\Documentos\renace\AngelD\b2b-platform\apps\api
api:build: > nest build
api:build: 
api:build: [96msrc/odoo.service.ts[0m:[93m8[0m:[93m22[0m - [91merror[0m[90m TS2300: [0mDuplicate identifier 'logger'.
api:build: 
api:build: [7m8[0m     private readonly logger = new Logger(OdooService.name);
api:build: [7m [0m [91m                     ~~~~~~[0m
api:build: 
api:build: Found 1 error(s).
api:build: 
api:build:  ELIFECYCLE  Command failed with exit code 1.
api:build: ERROR: command finished with error: command (C:\Users\adder\OneDrive\Documentos\renace\AngelD\b2b-platform\apps\api) C:\Users\adder\AppData\Roaming\npm\pnpm.cmd run build exited (1)
api#build: command (C:\Users\adder\OneDrive\Documentos\renace\AngelD\b2b-platform\apps\api) C:\Users\adder\AppData\Roaming\npm\pnpm.cmd run build exited (1)

 Tasks:    0 successful, 1 total
Cached:    0 cached, 1 total
  Time:    9.702s 
Failed:    api#build

 ERROR  run failed: command  exited (1)
